Using pre-set license
Built from '2021.1/staging' branch; Version is '2021.1.2f1 (e5d502d80fbb) revision 15062274'; Using compiler version '192528614'; Build Type 'Release'
OS: 'Windows 10 Pro; OS build 19043.985; Version 2009; 64bit' Language: 'pt' Physical Memory: 16318 MB
BatchMode: 1, IsHumanControllingUs: 0, StartBugReporterOnCrash: 0, Is64bit: 1, IsPro: 0

 COMMAND LINE ARGUMENTS:
C:\Program Files\Unity\Hub\Editor\2021.1.2f1\Editor\Unity.exe
-adb2
-batchMode
-noUpm
-name
AssetImportWorker0
-projectPath
D:/Repos/SniperCinematic
-logFile
Logs/AssetImportWorker0.log
-srvPort
55657
Successfully changed project path to: D:/Repos/SniperCinematic
D:/Repos/SniperCinematic
Using Asset Import Pipeline V2.
Refreshing native plugins compatible for Editor in 80.84 ms, found 1 plugins.
Preloading 0 native plugins for Editor in 0.00 ms.
Initialize engine version: 2021.1.2f1 (e5d502d80fbb)
[Subsystems] Discovering subsystems at path C:/Program Files/Unity/Hub/Editor/2021.1.2f1/Editor/Data/Resources/UnitySubsystems
[Subsystems] Discovering subsystems at path D:/Repos/SniperCinematic/Assets
GfxDevice: creating device client; threaded=0; jobified=0
Direct3D:
    Version:  Direct3D 11.0 [level 11.1]
    Renderer: NVIDIA GeForce GTX 1660 SUPER (ID=0x21c4)
    Vendor:   NVIDIA
    VRAM:     5991 MB
    Driver:   30.0.14.7111
Shader 'WFX/Transparent Specular': fallback shader 'Particles/Alpha Blended' not found
Shader 'WFX/Transparent Diffuse': fallback shader 'Particles/Alpha Blended' not found
Initialize mono
Mono path[0] = 'C:/Program Files/Unity/Hub/Editor/2021.1.2f1/Editor/Data/Managed'
Mono path[1] = 'C:/Program Files/Unity/Hub/Editor/2021.1.2f1/Editor/Data/MonoBleedingEdge/lib/mono/unityjit'
Mono config path = 'C:/Program Files/Unity/Hub/Editor/2021.1.2f1/Editor/Data/MonoBleedingEdge/etc'
Using monoOptions --debugger-agent=transport=dt_socket,embedding=1,server=y,suspend=n,address=127.0.0.1:56912
Begin MonoManager ReloadAssembly
Registering precompiled unity dll's ...
Register platform support module: C:/Program Files/Unity/Hub/Editor/2021.1.2f1/Editor/Data/PlaybackEngines/WindowsStandaloneSupport/UnityEditor.WindowsStandalone.Extensions.dll
Registered in 0.005484 seconds.
Native extension for WindowsStandalone target not found
Refreshing native plugins compatible for Editor in 84.32 ms, found 1 plugins.
Preloading 0 native plugins for Editor in 0.00 ms.
Mono: successfully reloaded assembly
- Completed reload, in  5.206 seconds
Platform modules already initialized, skipping
Registering precompiled user dll's ...
Registered in 0.059347 seconds.
Begin MonoManager ReloadAssembly
Native extension for WindowsStandalone target not found
Refreshing native plugins compatible for Editor in 0.85 ms, found 1 plugins.
Preloading 0 native plugins for Editor in 0.00 ms.
Mono: successfully reloaded assembly
- Completed reload, in  1.216 seconds
Platform modules already initialized, skipping
========================================================================
Worker process is ready to serve import requests
Shader 'WFX/Transparent Diffuse': fallback shader 'Particles/Alpha Blended' not found
Shader 'WFX/Transparent Specular': fallback shader 'Particles/Alpha Blended' not found
Launched and connected shader compiler UnityShaderCompiler.exe after 0.06 seconds
Refreshing native plugins compatible for Editor in 0.89 ms, found 1 plugins.
Preloading 0 native plugins for Editor in 0.00 ms.
Unloading 2872 Unused Serialized files (Serialized files now loaded: 0)
System memory in use before: 114.1 MB.
System memory in use after: 114.3 MB.

Unloading 16 unused Assets to reduce memory usage. Loaded Objects now: 3334.
Total: 2.578300 ms (FindLiveObjects: 0.459500 ms CreateObjectMapping: 0.210000 ms MarkObjects: 1.764300 ms  DeleteObjects: 0.143600 ms)

========================================================================
Received Import Request.
  path: Assets/toppng.com-default-sniper-scope-reticle-roblox-sniper-scope-1024x1024.png
  artifactKey: Guid(689bebca954ba8d408e880f956baaca3) Importer(815301076,1909f56bfc062723c751e8b465ee728b)
Start importing Assets/toppng.com-default-sniper-scope-reticle-roblox-sniper-scope-1024x1024.png using Guid(689bebca954ba8d408e880f956baaca3) Importer(815301076,1909f56bfc062723c751e8b465ee728b)  -> (artifact id: 'c9e1b3d6b130fe6ec3f7311a3f935b03') in 0.136758 seconds 
========================================================================
Received Import Request.
  Time since last request: 529.462683 seconds.
  path: Assets/Models/AssaultCyborg/Prefabs/SniperRifle.prefab
  artifactKey: Guid(08950280b39e33142845cc5ce100153c) Importer(815301076,1909f56bfc062723c751e8b465ee728b)
Start importing Assets/Models/AssaultCyborg/Prefabs/SniperRifle.prefab using Guid(08950280b39e33142845cc5ce100153c) Importer(815301076,1909f56bfc062723c751e8b465ee728b)  -> (artifact id: 'f81484b7b39898836cd6cdf24015a02e') in 0.572812 seconds 
========================================================================
Received Import Request.
  Time since last request: 0.302531 seconds.
  path: Assets/JMO Assets/WarFX/_Effects/Bullet Impacts/WFX_BImpact Concrete.prefab
  artifactKey: Guid(99c73c92ac40473459640b165473206f) Importer(815301076,1909f56bfc062723c751e8b465ee728b)
Start importing Assets/JMO Assets/WarFX/_Effects/Bullet Impacts/WFX_BImpact Concrete.prefab using Guid(99c73c92ac40473459640b165473206f) Importer(815301076,1909f56bfc062723c751e8b465ee728b)  -> (artifact id: '6586d7e147f1e480c96752aa5c319709') in 0.105655 seconds 
========================================================================
Received Import Request.
  Time since last request: 0.000224 seconds.
  path: Assets/JMO Assets/WarFX/_Effects/Bullet Impacts/+ Bullet Hole/Lit/WFX_BImpact Concrete + Hole Lit.prefab
  artifactKey: Guid(9e95c7b2183a4f345aaf86846f8f1918) Importer(815301076,1909f56bfc062723c751e8b465ee728b)
Start importing Assets/JMO Assets/WarFX/_Effects/Bullet Impacts/+ Bullet Hole/Lit/WFX_BImpact Concrete + Hole Lit.prefab using Guid(9e95c7b2183a4f345aaf86846f8f1918) Importer(815301076,1909f56bfc062723c751e8b465ee728b)  -> (artifact id: '3250fb990ea0bd9a247040d12df19e7e') in 0.490805 seconds 
========================================================================
Received Import Request.
  Time since last request: 0.000221 seconds.
  path: Assets/JMO Assets/WarFX/_Effects/Bullet Impacts/+ Bullet Hole/Lit/WFX_BImpact Concrete NoCollision + Hole Lit.prefab
  artifactKey: Guid(f8860a5092fd6d143a7b3f075e204e6b) Importer(815301076,1909f56bfc062723c751e8b465ee728b)
Start importing Assets/JMO Assets/WarFX/_Effects/Bullet Impacts/+ Bullet Hole/Lit/WFX_BImpact Concrete NoCollision + Hole Lit.prefab using Guid(f8860a5092fd6d143a7b3f075e204e6b) Importer(815301076,1909f56bfc062723c751e8b465ee728b)  -> (artifact id: '4a8147f33df5a7935b2ededcb0002a92') in 0.016065 seconds 
========================================================================
Received Import Request.
  Time since last request: 0.000160 seconds.
  path: Assets/JMO Assets/WarFX/_Effects/Bullet Impacts/WFX_BImpact Wood NoCollision.prefab
  artifactKey: Guid(d39ab699aa314a147969fd483aa55205) Importer(815301076,1909f56bfc062723c751e8b465ee728b)
Start importing Assets/JMO Assets/WarFX/_Effects/Bullet Impacts/WFX_BImpact Wood NoCollision.prefab using Guid(d39ab699aa314a147969fd483aa55205) Importer(815301076,1909f56bfc062723c751e8b465ee728b)  -> (artifact id: '8213932bbcf5ff8f02daa5be1704eab1') in 0.044502 seconds 
========================================================================
Received Import Request.
  Time since last request: 0.000166 seconds.
  path: Assets/JMO Assets/WarFX/_Effects/Bullet Impacts/+ Bullet Hole/Lit/WFX_BImpact Wood NoCollision + Hole Lit.prefab
  artifactKey: Guid(bdeb2a4220cd3cd4eacabbd5ed08f62c) Importer(815301076,1909f56bfc062723c751e8b465ee728b)
Start importing Assets/JMO Assets/WarFX/_Effects/Bullet Impacts/+ Bullet Hole/Lit/WFX_BImpact Wood NoCollision + Hole Lit.prefab using Guid(bdeb2a4220cd3cd4eacabbd5ed08f62c) Importer(815301076,1909f56bfc062723c751e8b465ee728b)  -> (artifact id: '89cdce9efa900e222080bf3bcece7a03') in 0.285486 seconds 
========================================================================
Received Import Request.
  Time since last request: 0.000197 seconds.
  path: Assets/JMO Assets/WarFX/_Effects/Explosions/WFX_Explosion LandMine.prefab
  artifactKey: Guid(6890a03af913b874092fbb1e8337747d) Importer(815301076,1909f56bfc062723c751e8b465ee728b)
Start importing Assets/JMO Assets/WarFX/_Effects/Explosions/WFX_Explosion LandMine.prefab using Guid(6890a03af913b874092fbb1e8337747d) Importer(815301076,1909f56bfc062723c751e8b465ee728b)  -> (artifact id: 'fe7b37abd7835ac25bc2f0ee922bbc1e') in 0.040424 seconds 
========================================================================
Received Import Request.
  Time since last request: 0.000202 seconds.
  path: Assets/JMO Assets/WarFX/_Effects/Explosions/WFX_ExplosiveSmoke Small.prefab
  artifactKey: Guid(2e7e92bc7175b744ea40878dedfa79e4) Importer(815301076,1909f56bfc062723c751e8b465ee728b)
Start importing Assets/JMO Assets/WarFX/_Effects/Explosions/WFX_ExplosiveSmoke Small.prefab using Guid(2e7e92bc7175b744ea40878dedfa79e4) Importer(815301076,1909f56bfc062723c751e8b465ee728b)  -> (artifact id: 'c18a4b27e274eb7d00d5c5b7219036ed') in 0.062133 seconds 
========================================================================
Received Import Request.
  Time since last request: 0.000169 seconds.
  path: Assets/JMO Assets/WarFX/_Effects/Bullet Impacts/+ Bullet Hole/Lit/WFX_BImpact Wood + Hole Lit.prefab
  artifactKey: Guid(5d73f72c6be7d0440bbc9c87d4f718c0) Importer(815301076,1909f56bfc062723c751e8b465ee728b)
Start importing Assets/JMO Assets/WarFX/_Effects/Bullet Impacts/+ Bullet Hole/Lit/WFX_BImpact Wood + Hole Lit.prefab using Guid(5d73f72c6be7d0440bbc9c87d4f718c0) Importer(815301076,1909f56bfc062723c751e8b465ee728b)  -> (artifact id: 'cbedf0a2aa3ac471ead997d0e8cf8237') in 0.027398 seconds 
========================================================================
Received Import Request.
  Time since last request: 0.000191 seconds.
  path: Assets/JMO Assets/WarFX/_Effects/Explosions/WFX_ExplosiveSmokeGround Big.prefab
  artifactKey: Guid(06736895ea0a4ff408d25e6684dce797) Importer(815301076,1909f56bfc062723c751e8b465ee728b)
Start importing Assets/JMO Assets/WarFX/_Effects/Explosions/WFX_ExplosiveSmokeGround Big.prefab using Guid(06736895ea0a4ff408d25e6684dce797) Importer(815301076,1909f56bfc062723c751e8b465ee728b)  -> (artifact id: '614fcd32bd38b382805edd0ea8e2d1b4') in 0.023985 seconds 
========================================================================
Received Import Request.
  Time since last request: 0.000191 seconds.
  path: Assets/JMO Assets/WarFX/_Effects/Bullet Impacts/WFX_BImpact Sand.prefab
  artifactKey: Guid(fc7f8379080d0a844ad699b91bfd56f0) Importer(815301076,1909f56bfc062723c751e8b465ee728b)
Start importing Assets/JMO Assets/WarFX/_Effects/Bullet Impacts/WFX_BImpact Sand.prefab using Guid(fc7f8379080d0a844ad699b91bfd56f0) Importer(815301076,1909f56bfc062723c751e8b465ee728b)  -> (artifact id: '0d295ef76938459f91400e259198eaec') in 0.008634 seconds 
========================================================================
Received Import Request.
  Time since last request: 0.000217 seconds.
  path: Assets/JMO Assets/WarFX/_Effects/Bullet Impacts/+ Bullet Hole/WFX_BImpact SoftBody + Hole.prefab
  artifactKey: Guid(957385c45b877e645a128e11a3efb2f9) Importer(815301076,1909f56bfc062723c751e8b465ee728b)
Start importing Assets/JMO Assets/WarFX/_Effects/Bullet Impacts/+ Bullet Hole/WFX_BImpact SoftBody + Hole.prefab using Guid(957385c45b877e645a128e11a3efb2f9) Importer(815301076,1909f56bfc062723c751e8b465ee728b)  -> (artifact id: '21a4c11337442ba6976b4988a35c2539') in 0.094229 seconds 
========================================================================
Received Import Request.
  Time since last request: 0.000187 seconds.
  path: Assets/JMO Assets/WarFX/_Effects/Bullet Impacts/WFX_BImpact SoftBody.prefab
  artifactKey: Guid(3b1513bcb86426b4795879be6a128ed7) Importer(815301076,1909f56bfc062723c751e8b465ee728b)
Start importing Assets/JMO Assets/WarFX/_Effects/Bullet Impacts/WFX_BImpact SoftBody.prefab using Guid(3b1513bcb86426b4795879be6a128ed7) Importer(815301076,1909f56bfc062723c751e8b465ee728b)  -> (artifact id: 'e7f76ef09e7bb0dacbea159d7d92dfa2') in 0.008290 seconds 
========================================================================
Received Import Request.
  Time since last request: 0.000201 seconds.
  path: Assets/JMO Assets/WarFX/_Effects/Explosions/WFX_ExplosiveSmoke Big Alt.prefab
  artifactKey: Guid(e0609132424a24844b1d53ad3d704fd9) Importer(815301076,1909f56bfc062723c751e8b465ee728b)
Start importing Assets/JMO Assets/WarFX/_Effects/Explosions/WFX_ExplosiveSmoke Big Alt.prefab using Guid(e0609132424a24844b1d53ad3d704fd9) Importer(815301076,1909f56bfc062723c751e8b465ee728b)  -> (artifact id: '97b9980ddb25db84ffdeabc87b166289') in 0.008627 seconds 
========================================================================
Received Import Request.
  Time since last request: 0.000180 seconds.
  path: Assets/JMO Assets/WarFX/_Effects/Bullet Impacts/+ Bullet Hole/Unlit/WFX_BImpact Metal + Hole Unlit.prefab
  artifactKey: Guid(627bfa08ce624ab40ab2fea71785b5f0) Importer(815301076,1909f56bfc062723c751e8b465ee728b)
Start importing Assets/JMO Assets/WarFX/_Effects/Bullet Impacts/+ Bullet Hole/Unlit/WFX_BImpact Metal + Hole Unlit.prefab using Guid(627bfa08ce624ab40ab2fea71785b5f0) Importer(815301076,1909f56bfc062723c751e8b465ee728b)  -> (artifact id: '62501a2ad479787a139f3c938849d987') in 0.155687 seconds 
========================================================================
Received Import Request.
  Time since last request: 0.000180 seconds.
  path: Assets/JMO Assets/WarFX/_Effects/Bullet Impacts/+ Bullet Hole/Unlit/WFX_BImpact Concrete NoCollision + Hole Unlit.prefab
  artifactKey: Guid(cfcd690db7ce26548af4f6d7bb536b02) Importer(815301076,1909f56bfc062723c751e8b465ee728b)
Start importing Assets/JMO Assets/WarFX/_Effects/Bullet Impacts/+ Bullet Hole/Unlit/WFX_BImpact Concrete NoCollision + Hole Unlit.prefab using Guid(cfcd690db7ce26548af4f6d7bb536b02) Importer(815301076,1909f56bfc062723c751e8b465ee728b)  -> (artifact id: 'b27f1e3f6a8252fe007dea4da88fb409') in 0.036055 seconds 
========================================================================
Received Import Request.
  Time since last request: 0.000216 seconds.
  path: Assets/JMO Assets/WarFX/_Effects/Explosions/WFX_ExplosiveSmokeGround Small.prefab
  artifactKey: Guid(7c442b9b6852b8a4f93306f3d154d471) Importer(815301076,1909f56bfc062723c751e8b465ee728b)
Start importing Assets/JMO Assets/WarFX/_Effects/Explosions/WFX_ExplosiveSmokeGround Small.prefab using Guid(7c442b9b6852b8a4f93306f3d154d471) Importer(815301076,1909f56bfc062723c751e8b465ee728b)  -> (artifact id: 'aee170a1ecdaf1edd210a7a17d7b3a61') in 0.008360 seconds 
========================================================================
Received Import Request.
  Time since last request: 0.000199 seconds.
  path: Assets/JMO Assets/WarFX/_Effects/Bullet Impacts/+ Bullet Hole/Unlit/WFX_BImpact Wood + Hole Unlit.prefab
  artifactKey: Guid(053ffbc5e89111349bb060a39ffa0f37) Importer(815301076,1909f56bfc062723c751e8b465ee728b)
Start importing Assets/JMO Assets/WarFX/_Effects/Bullet Impacts/+ Bullet Hole/Unlit/WFX_BImpact Wood + Hole Unlit.prefab using Guid(053ffbc5e89111349bb060a39ffa0f37) Importer(815301076,1909f56bfc062723c751e8b465ee728b)  -> (artifact id: 'e7750834a4af3e345a230bc77d222041') in 0.077125 seconds 
========================================================================
Received Import Request.
  Time since last request: 0.000168 seconds.
  path: Assets/JMO Assets/WarFX/_Effects/Explosions/WFX_ExplosiveSmoke.prefab
  artifactKey: Guid(4575df893a6e3f64a8283dee38413a34) Importer(815301076,1909f56bfc062723c751e8b465ee728b)
Start importing Assets/JMO Assets/WarFX/_Effects/Explosions/WFX_ExplosiveSmoke.prefab using Guid(4575df893a6e3f64a8283dee38413a34) Importer(815301076,1909f56bfc062723c751e8b465ee728b)  -> (artifact id: '8d4f56fa67ef19d8718d8b0f85688f87') in 0.008932 seconds 
========================================================================
Received Import Request.
  Time since last request: 0.000242 seconds.
  path: Assets/JMO Assets/WarFX/_Effects/Bullet Impacts/WFX_BImpact Wood.prefab
  artifactKey: Guid(ac1aa04288fad804ba1cd769f4377aaf) Importer(815301076,1909f56bfc062723c751e8b465ee728b)
Start importing Assets/JMO Assets/WarFX/_Effects/Bullet Impacts/WFX_BImpact Wood.prefab using Guid(ac1aa04288fad804ba1cd769f4377aaf) Importer(815301076,1909f56bfc062723c751e8b465ee728b)  -> (artifact id: '52939f6edaf1056202f2c45ad5fc3b7d') in 0.008136 seconds 
========================================================================
Received Import Request.
  Time since last request: 0.000147 seconds.
  path: Assets/JMO Assets/WarFX/_Effects/Fire/Gray Smoke/WFX_Fire Natural (Gray Smoke).prefab
  artifactKey: Guid(717898f1e82d6b94f8dfa819112cc432) Importer(815301076,1909f56bfc062723c751e8b465ee728b)
Start importing Assets/JMO Assets/WarFX/_Effects/Fire/Gray Smoke/WFX_Fire Natural (Gray Smoke).prefab using Guid(717898f1e82d6b94f8dfa819112cc432) Importer(815301076,1909f56bfc062723c751e8b465ee728b)  -> (artifact id: '3a80503eab41388ecfa29ba9138ecc5f') in 0.034565 seconds 
========================================================================
Received Import Request.
  Time since last request: 0.000200 seconds.
  path: Assets/JMO Assets/WarFX/_Effects/Bullet Impacts/WFX_BImpact Dirt.prefab
  artifactKey: Guid(56bfc2f4b4a0c534c8ef3d0fd1124c44) Importer(815301076,1909f56bfc062723c751e8b465ee728b)
Start importing Assets/JMO Assets/WarFX/_Effects/Bullet Impacts/WFX_BImpact Dirt.prefab using Guid(56bfc2f4b4a0c534c8ef3d0fd1124c44) Importer(815301076,1909f56bfc062723c751e8b465ee728b)  -> (artifact id: '29841cd7b26a87deea9387f498d49214') in 0.008318 seconds 
========================================================================
Received Import Request.
  Time since last request: 0.000213 seconds.
  path: Assets/JMO Assets/WarFX/_Effects/Bullet Impacts/+ Bullet Hole/WFX_BImpact Dirt + Hole.prefab
  artifactKey: Guid(2f9348d6583cde14eb0d82bb9732647e) Importer(815301076,1909f56bfc062723c751e8b465ee728b)
Start importing Assets/JMO Assets/WarFX/_Effects/Bullet Impacts/+ Bullet Hole/WFX_BImpact Dirt + Hole.prefab using Guid(2f9348d6583cde14eb0d82bb9732647e) Importer(815301076,1909f56bfc062723c751e8b465ee728b)  -> (artifact id: '2b318a0088d33193d8122516449283da') in 0.034572 seconds 
========================================================================
Received Import Request.
  Time since last request: 0.000218 seconds.
  path: Assets/JMO Assets/WarFX/_Effects/Bullet Impacts/+ Bullet Hole/Unlit/WFX_BImpact Concrete + Hole Unlit.prefab
  artifactKey: Guid(94a130fb17f1cae4388a8fe1d8bd3055) Importer(815301076,1909f56bfc062723c751e8b465ee728b)
Start importing Assets/JMO Assets/WarFX/_Effects/Bullet Impacts/+ Bullet Hole/Unlit/WFX_BImpact Concrete + Hole Unlit.prefab using Guid(94a130fb17f1cae4388a8fe1d8bd3055) Importer(815301076,1909f56bfc062723c751e8b465ee728b)  -> (artifact id: 'c17a2ebddf236388f55d704ba9c40672') in 0.013588 seconds 
========================================================================
Received Import Request.
  Time since last request: 0.000169 seconds.
  path: Assets/JMO Assets/WarFX/_Effects/Explosions/WFX_Explosion.prefab
  artifactKey: Guid(b46890100828db6429ff69c322b45893) Importer(815301076,1909f56bfc062723c751e8b465ee728b)
Start importing Assets/JMO Assets/WarFX/_Effects/Explosions/WFX_Explosion.prefab using Guid(b46890100828db6429ff69c322b45893) Importer(815301076,1909f56bfc062723c751e8b465ee728b)  -> (artifact id: 'c5fd993dd96c477fb0629467c5d130b1') in 0.008849 seconds 
========================================================================
Received Import Request.
  Time since last request: 0.000243 seconds.
  path: Assets/JMO Assets/WarFX/_Effects/Explosions/WFX_ExplosiveSmoke Big.prefab
  artifactKey: Guid(1dbc518224e49f34095aab42fe05751a) Importer(815301076,1909f56bfc062723c751e8b465ee728b)
Start importing Assets/JMO Assets/WarFX/_Effects/Explosions/WFX_ExplosiveSmoke Big.prefab using Guid(1dbc518224e49f34095aab42fe05751a) Importer(815301076,1909f56bfc062723c751e8b465ee728b)  -> (artifact id: '920a22731a35a6bd5adc0d71734f2e07') in 0.008587 seconds 
========================================================================
Received Import Request.
  Time since last request: 0.000186 seconds.
  path: Assets/JMO Assets/WarFX/_Effects/Explosions/WFX_Explosion Simple.prefab
  artifactKey: Guid(7075bd5fe1480184695a32611c15da57) Importer(815301076,1909f56bfc062723c751e8b465ee728b)
Start importing Assets/JMO Assets/WarFX/_Effects/Explosions/WFX_Explosion Simple.prefab using Guid(7075bd5fe1480184695a32611c15da57) Importer(815301076,1909f56bfc062723c751e8b465ee728b)  -> (artifact id: '30db1f773f5b39aa095c61a06655c6a9') in 0.009183 seconds 
========================================================================
Received Import Request.
  Time since last request: 0.000210 seconds.
  path: Assets/JMO Assets/WarFX/_Effects/Fire/No Smoke/WFX_Fire Natural (No Smoke).prefab
  artifactKey: Guid(b3167a8e5b4bb9541be8e07f4fac8355) Importer(815301076,1909f56bfc062723c751e8b465ee728b)
Start importing Assets/JMO Assets/WarFX/_Effects/Fire/No Smoke/WFX_Fire Natural (No Smoke).prefab using Guid(b3167a8e5b4bb9541be8e07f4fac8355) Importer(815301076,1909f56bfc062723c751e8b465ee728b)  -> (artifact id: '4f3ec3803b13e3096eaa866cd531657d') in 0.008699 seconds 
========================================================================
Received Import Request.
  Time since last request: 0.000222 seconds.
  path: Assets/JMO Assets/WarFX/_Effects/Explosions/WFX_Explosion Small.prefab
  artifactKey: Guid(5332791ebce075d4a9e56f4581e7fb47) Importer(815301076,1909f56bfc062723c751e8b465ee728b)
Start importing Assets/JMO Assets/WarFX/_Effects/Explosions/WFX_Explosion Small.prefab using Guid(5332791ebce075d4a9e56f4581e7fb47) Importer(815301076,1909f56bfc062723c751e8b465ee728b)  -> (artifact id: '0f01966fe7603f15e18ee93b518784ec') in 0.008937 seconds 
========================================================================
Received Import Request.
  Time since last request: 0.000206 seconds.
  path: Assets/JMO Assets/WarFX/_Effects/Fire/Black Smoke/WFX_Fire Natural (Black Smoke).prefab
  artifactKey: Guid(a817de05addd7b64faa73b34c74013ce) Importer(815301076,1909f56bfc062723c751e8b465ee728b)
Start importing Assets/JMO Assets/WarFX/_Effects/Fire/Black Smoke/WFX_Fire Natural (Black Smoke).prefab using Guid(a817de05addd7b64faa73b34c74013ce) Importer(815301076,1909f56bfc062723c751e8b465ee728b)  -> (artifact id: 'c82248a1a182eb180afea88942bfe1ef') in 0.027138 seconds 
========================================================================
Received Import Request.
  Time since last request: 0.000206 seconds.
  path: Assets/JMO Assets/WarFX/_Effects/Explosions/WFX_ExplosiveSmokeGround.prefab
  artifactKey: Guid(93485fd5fc2ccf2439cb3239186f6382) Importer(815301076,1909f56bfc062723c751e8b465ee728b)
Start importing Assets/JMO Assets/WarFX/_Effects/Explosions/WFX_ExplosiveSmokeGround.prefab using Guid(93485fd5fc2ccf2439cb3239186f6382) Importer(815301076,1909f56bfc062723c751e8b465ee728b)  -> (artifact id: 'd7334ae05fc07aea80cbb3beca8040bb') in 0.008819 seconds 
========================================================================
Received Import Request.
  Time since last request: 0.000183 seconds.
  path: Assets/JMO Assets/WarFX/_Effects/Explosions/WFX_ExplosiveSmokeGround Big Alt.prefab
  artifactKey: Guid(3364c97de68d3a147af572d1c71c6455) Importer(815301076,1909f56bfc062723c751e8b465ee728b)
Start importing Assets/JMO Assets/WarFX/_Effects/Explosions/WFX_ExplosiveSmokeGround Big Alt.prefab using Guid(3364c97de68d3a147af572d1c71c6455) Importer(815301076,1909f56bfc062723c751e8b465ee728b)  -> (artifact id: '2852a1122266706b6c7a016d560a976b') in 0.008810 seconds 
========================================================================
Received Import Request.
  Time since last request: 0.000167 seconds.
  path: Assets/JMO Assets/WarFX/_Effects/Bullet Impacts/+ Bullet Hole/Lit/WFX_BImpact Metal + Hole Lit.prefab
  artifactKey: Guid(caa8bd0d2623acf4d915f16e0ab71218) Importer(815301076,1909f56bfc062723c751e8b465ee728b)
Start importing Assets/JMO Assets/WarFX/_Effects/Bullet Impacts/+ Bullet Hole/Lit/WFX_BImpact Metal + Hole Lit.prefab using Guid(caa8bd0d2623acf4d915f16e0ab71218) Importer(815301076,1909f56bfc062723c751e8b465ee728b)  -> (artifact id: '633a54bf9b1e39cd5ec9ea0e02fba868') in 0.067529 seconds 
========================================================================
Received Import Request.
  Time since last request: 0.000188 seconds.
  path: Assets/JMO Assets/WarFX/_Effects/Bullet Impacts/+ Bullet Hole/WFX_BImpact Sand + Hole.prefab
  artifactKey: Guid(0b24f31f464fa614a84acdeac974ed6b) Importer(815301076,1909f56bfc062723c751e8b465ee728b)
Start importing Assets/JMO Assets/WarFX/_Effects/Bullet Impacts/+ Bullet Hole/WFX_BImpact Sand + Hole.prefab using Guid(0b24f31f464fa614a84acdeac974ed6b) Importer(815301076,1909f56bfc062723c751e8b465ee728b)  -> (artifact id: '3e0ec93865865f4e5eb2bcfedce67ae0') in 0.046699 seconds 
========================================================================
Received Import Request.
  Time since last request: 0.000154 seconds.
  path: Assets/JMO Assets/WarFX/_Effects/Explosions/WFX_Explosion StarSmoke.prefab
  artifactKey: Guid(a49596ebf788acd4ab1281bffea444b1) Importer(815301076,1909f56bfc062723c751e8b465ee728b)
Start importing Assets/JMO Assets/WarFX/_Effects/Explosions/WFX_Explosion StarSmoke.prefab using Guid(a49596ebf788acd4ab1281bffea444b1) Importer(815301076,1909f56bfc062723c751e8b465ee728b)  -> (artifact id: '96eb9d6424f4c751bb63017f71b4ba46') in 0.032809 seconds 
========================================================================
Received Import Request.
  Time since last request: 0.000178 seconds.
  path: Assets/JMO Assets/WarFX/_Effects/Bullet Impacts/+ Bullet Hole/Unlit/WFX_BImpact Wood NoCollision + Hole Unlit.prefab
  artifactKey: Guid(9bdf482976052a647946e8159033a295) Importer(815301076,1909f56bfc062723c751e8b465ee728b)
Start importing Assets/JMO Assets/WarFX/_Effects/Bullet Impacts/+ Bullet Hole/Unlit/WFX_BImpact Wood NoCollision + Hole Unlit.prefab using Guid(9bdf482976052a647946e8159033a295) Importer(815301076,1909f56bfc062723c751e8b465ee728b)  -> (artifact id: '7da93b25669b8620d49e82dc1748097b') in 0.013617 seconds 
========================================================================
Received Prepare
Registering precompiled user dll's ...
Registered in 0.002798 seconds.
Begin MonoManager ReloadAssembly
Native extension for WindowsStandalone target not found
Refreshing native plugins compatible for Editor in 0.84 ms, found 1 plugins.
Preloading 0 native plugins for Editor in 0.00 ms.
Mono: successfully reloaded assembly
- Completed reload, in  0.786 seconds
Platform modules already initialized, skipping
Shader 'WFX/Transparent Diffuse': fallback shader 'Particles/Alpha Blended' not found
Shader 'WFX/Transparent Specular': fallback shader 'Particles/Alpha Blended' not found
Refreshing native plugins compatible for Editor in 0.86 ms, found 1 plugins.
Preloading 0 native plugins for Editor in 0.00 ms.
Unloading 2848 Unused Serialized files (Serialized files now loaded: 0)
System memory in use before: 119.6 MB.
System memory in use after: 119.8 MB.

Unloading 11 unused Assets to reduce memory usage. Loaded Objects now: 3362.
Total: 2.573200 ms (FindLiveObjects: 0.472700 ms CreateObjectMapping: 0.075800 ms MarkObjects: 1.926900 ms  DeleteObjects: 0.096200 ms)

========================================================================
Received Import Request.
  Time since last request: 888.635461 seconds.
  path: Assets/Models/SniperRifle/Materials/4096
  artifactKey: Guid(3ed4968df282b3c41a4dffdb53828c21) Importer(815301076,1909f56bfc062723c751e8b465ee728b)
Start importing Assets/Models/SniperRifle/Materials/4096 using Guid(3ed4968df282b3c41a4dffdb53828c21) Importer(815301076,1909f56bfc062723c751e8b465ee728b)  -> (artifact id: '4351ff335cd3480402b4ead6c6d6d8cd') in 0.010317 seconds 
========================================================================
Received Import Request.
  Time since last request: 186.290686 seconds.
  path: Assets/Models/shareablebullet.obj
  artifactKey: Guid(4d6c762eb130f5e4d890f5843f2031e9) Importer(815301076,1909f56bfc062723c751e8b465ee728b)
Start importing Assets/Models/shareablebullet.obj using Guid(4d6c762eb130f5e4d890f5843f2031e9) Importer(815301076,1909f56bfc062723c751e8b465ee728b)  -> (artifact id: '281e5fb48c7e8dadc3aa3698afa370e8') in 0.136332 seconds 
========================================================================
Received Prepare
Registering precompiled user dll's ...
Registered in 0.003225 seconds.
Begin MonoManager ReloadAssembly
Native extension for WindowsStandalone target not found
Refreshing native plugins compatible for Editor in 0.86 ms, found 1 plugins.
Preloading 0 native plugins for Editor in 0.00 ms.
Mono: successfully reloaded assembly
- Completed reload, in  0.776 seconds
Platform modules already initialized, skipping
Shader 'WFX/Transparent Diffuse': fallback shader 'Particles/Alpha Blended' not found
Shader 'WFX/Transparent Specular': fallback shader 'Particles/Alpha Blended' not found
Refreshing native plugins compatible for Editor in 0.83 ms, found 1 plugins.
Preloading 0 native plugins for Editor in 0.00 ms.
Unloading 2847 Unused Serialized files (Serialized files now loaded: 0)
System memory in use before: 119.9 MB.
System memory in use after: 120.1 MB.

Unloading 11 unused Assets to reduce memory usage. Loaded Objects now: 3402.
Total: 2.011400 ms (FindLiveObjects: 0.264300 ms CreateObjectMapping: 0.075000 ms MarkObjects: 1.571700 ms  DeleteObjects: 0.099500 ms)

========================================================================
Received Prepare
Registering precompiled user dll's ...
Registered in 0.003043 seconds.
Begin MonoManager ReloadAssembly
Native extension for WindowsStandalone target not found
Refreshing native plugins compatible for Editor in 0.92 ms, found 1 plugins.
Preloading 0 native plugins for Editor in 0.00 ms.
Mono: successfully reloaded assembly
- Completed reload, in  0.748 seconds
Platform modules already initialized, skipping
Shader 'WFX/Transparent Diffuse': fallback shader 'Particles/Alpha Blended' not found
Shader 'WFX/Transparent Specular': fallback shader 'Particles/Alpha Blended' not found
Refreshing native plugins compatible for Editor in 0.82 ms, found 1 plugins.
Preloading 0 native plugins for Editor in 0.00 ms.
Unloading 2847 Unused Serialized files (Serialized files now loaded: 0)
System memory in use before: 119.9 MB.
System memory in use after: 120.1 MB.

Unloading 11 unused Assets to reduce memory usage. Loaded Objects now: 3405.
Total: 2.156700 ms (FindLiveObjects: 0.299900 ms CreateObjectMapping: 0.092500 ms MarkObjects: 1.613800 ms  DeleteObjects: 0.149400 ms)

========================================================================
Received Prepare
Registering precompiled user dll's ...
Registered in 0.002899 seconds.
Begin MonoManager ReloadAssembly
Native extension for WindowsStandalone target not found
Refreshing native plugins compatible for Editor in 0.84 ms, found 1 plugins.
Preloading 0 native plugins for Editor in 0.00 ms.
Mono: successfully reloaded assembly
- Completed reload, in  0.751 seconds
Platform modules already initialized, skipping
Shader 'WFX/Transparent Diffuse': fallback shader 'Particles/Alpha Blended' not found
Shader 'WFX/Transparent Specular': fallback shader 'Particles/Alpha Blended' not found
Refreshing native plugins compatible for Editor in 0.83 ms, found 1 plugins.
Preloading 0 native plugins for Editor in 0.00 ms.
Unloading 2847 Unused Serialized files (Serialized files now loaded: 0)
System memory in use before: 119.9 MB.
System memory in use after: 120.1 MB.

Unloading 11 unused Assets to reduce memory usage. Loaded Objects now: 3408.
Total: 2.104100 ms (FindLiveObjects: 0.315500 ms CreateObjectMapping: 0.085600 ms MarkObjects: 1.600100 ms  DeleteObjects: 0.102000 ms)

========================================================================
Received Import Request.
  Time since last request: 2794.722387 seconds.
  path: Assets/Models/223.obj
  artifactKey: Guid(09b07a341d466b845810567bf3afb0f5) Importer(815301076,1909f56bfc062723c751e8b465ee728b)
Start importing Assets/Models/223.obj using Guid(09b07a341d466b845810567bf3afb0f5) Importer(815301076,1909f56bfc062723c751e8b465ee728b)  -> (artifact id: '72c6614ff94ced3c4a8ec6ce620e91d8') in 0.138220 seconds 
========================================================================
Received Import Request.
  Time since last request: 88.000346 seconds.
  path: Assets/Models/_23_bullet.prefab
  artifactKey: Guid(a7e25c4eedbf0694dab6be5e153599db) Importer(815301076,1909f56bfc062723c751e8b465ee728b)
Start importing Assets/Models/_23_bullet.prefab using Guid(a7e25c4eedbf0694dab6be5e153599db) Importer(815301076,1909f56bfc062723c751e8b465ee728b)  -> (artifact id: '924431dda926cbd8939fbfbda128a786') in 0.015957 seconds 
========================================================================
Received Import Request.
  Time since last request: 2.228844 seconds.
  path: Assets/Models/_23_shell.prefab
  artifactKey: Guid(fec22a445331b63499790ce626a8080a) Importer(815301076,1909f56bfc062723c751e8b465ee728b)
Start importing Assets/Models/_23_shell.prefab using Guid(fec22a445331b63499790ce626a8080a) Importer(815301076,1909f56bfc062723c751e8b465ee728b)  -> (artifact id: '8be01bd0c0112fb689e5624a1bd1aba0') in 0.022841 seconds 
========================================================================
Received Import Request.
  Time since last request: 30.343005 seconds.
  path: Assets/Models/223.obj
  artifactKey: Guid(09b07a341d466b845810567bf3afb0f5) Importer(815301076,1909f56bfc062723c751e8b465ee728b)
Start importing Assets/Models/223.obj using Guid(09b07a341d466b845810567bf3afb0f5) Importer(815301076,1909f56bfc062723c751e8b465ee728b)  -> (artifact id: '54b39fd9efd9fed8c019ac3f858cea20') in 0.060741 seconds 
========================================================================
Received Import Request.
  Time since last request: 10.371300 seconds.
  path: Assets/Models/223.obj
  artifactKey: Guid(09b07a341d466b845810567bf3afb0f5) Importer(815301076,1909f56bfc062723c751e8b465ee728b)
Start importing Assets/Models/223.obj using Guid(09b07a341d466b845810567bf3afb0f5) Importer(815301076,1909f56bfc062723c751e8b465ee728b)  -> (artifact id: 'd1196def5467f6bc6c90fce1194b97b6') in 0.118481 seconds 
========================================================================
Received Import Request.
  Time since last request: 81.229541 seconds.
  path: Assets/Models/223.obj
  artifactKey: Guid(09b07a341d466b845810567bf3afb0f5) Importer(815301076,1909f56bfc062723c751e8b465ee728b)
Start importing Assets/Models/223.obj using Guid(09b07a341d466b845810567bf3afb0f5) Importer(815301076,1909f56bfc062723c751e8b465ee728b)  -> (artifact id: '2f343086547b6bc1f4d0a3609691b187') in 0.102255 seconds 
========================================================================
Received Import Request.
  Time since last request: 10.476750 seconds.
  path: Assets/Models/223.obj
  artifactKey: Guid(09b07a341d466b845810567bf3afb0f5) Importer(815301076,1909f56bfc062723c751e8b465ee728b)
Start importing Assets/Models/223.obj using Guid(09b07a341d466b845810567bf3afb0f5) Importer(815301076,1909f56bfc062723c751e8b465ee728b)  -> (artifact id: 'e00e7cb176d22e08132274deaf31bdfc') in 0.076694 seconds 
========================================================================
Received Import Request.
  Time since last request: 8.007783 seconds.
  path: Assets/Models/223.obj
  artifactKey: Guid(09b07a341d466b845810567bf3afb0f5) Importer(815301076,1909f56bfc062723c751e8b465ee728b)
Start importing Assets/Models/223.obj using Guid(09b07a341d466b845810567bf3afb0f5) Importer(815301076,1909f56bfc062723c751e8b465ee728b)  -> (artifact id: 'd4473b2f6dab7d8e56e425cd95cd0198') in 0.055364 seconds 
========================================================================
Received Import Request.
  Time since last request: 15.178935 seconds.
  path: Assets/Models/223.obj
  artifactKey: Guid(09b07a341d466b845810567bf3afb0f5) Importer(815301076,1909f56bfc062723c751e8b465ee728b)
Start importing Assets/Models/223.obj using Guid(09b07a341d466b845810567bf3afb0f5) Importer(815301076,1909f56bfc062723c751e8b465ee728b)  -> (artifact id: 'e28d3835a54486586f4c377e0df0f23e') in 0.079066 seconds 
========================================================================
Received Import Request.
  Time since last request: 5.961456 seconds.
  path: Assets/Models/223.obj
  artifactKey: Guid(09b07a341d466b845810567bf3afb0f5) Importer(815301076,1909f56bfc062723c751e8b465ee728b)
Start importing Assets/Models/223.obj using Guid(09b07a341d466b845810567bf3afb0f5) Importer(815301076,1909f56bfc062723c751e8b465ee728b)  -> (artifact id: '93a105966d63e566bd874d6f94c3a8d7') in 0.045523 seconds 
========================================================================
Received Import Request.
  Time since last request: 7.550974 seconds.
  path: Assets/Models/223.obj
  artifactKey: Guid(09b07a341d466b845810567bf3afb0f5) Importer(815301076,1909f56bfc062723c751e8b465ee728b)
Start importing Assets/Models/223.obj using Guid(09b07a341d466b845810567bf3afb0f5) Importer(815301076,1909f56bfc062723c751e8b465ee728b)  -> (artifact id: '194e44b6d98daa4ff3d6593bfef5441e') in 0.069572 seconds 
========================================================================
Received Import Request.
  Time since last request: 1146.081372 seconds.
  path: Assets/Models/AssaultCyborg/Meshes/Textures/AssaultCyborgDiffuseDarkBlue.jpg
  artifactKey: Guid(48b82b38e0dca664588629816c1b741b) Importer(815301076,1909f56bfc062723c751e8b465ee728b)
Start importing Assets/Models/AssaultCyborg/Meshes/Textures/AssaultCyborgDiffuseDarkBlue.jpg using Guid(48b82b38e0dca664588629816c1b741b) Importer(815301076,1909f56bfc062723c751e8b465ee728b)  -> (artifact id: 'b82bf72f46fd69b77183d7a88ca3f584') in 0.075520 seconds 
========================================================================
Received Import Request.
  Time since last request: 2.714286 seconds.
  path: Assets/Models/AssaultCyborg/Meshes/Textures/AssaultCyborgDiffuse_White-and-Blue.jpg
  artifactKey: Guid(7d0cf98c21ac9554fb7275d53e4f2e8c) Importer(815301076,1909f56bfc062723c751e8b465ee728b)
Start importing Assets/Models/AssaultCyborg/Meshes/Textures/AssaultCyborgDiffuse_White-and-Blue.jpg using Guid(7d0cf98c21ac9554fb7275d53e4f2e8c) Importer(815301076,1909f56bfc062723c751e8b465ee728b)  -> (artifact id: 'b61600362e4a5127303be168211a0f1e') in 0.016190 seconds 
========================================================================
Received Import Request.
  Time since last request: 89.770490 seconds.
  path: Assets/sniperBadge.png
  artifactKey: Guid(1394d0fdb17a5e84ca92c71683e471ae) Importer(815301076,1909f56bfc062723c751e8b465ee728b)
Start importing Assets/sniperBadge.png using Guid(1394d0fdb17a5e84ca92c71683e471ae) Importer(815301076,1909f56bfc062723c751e8b465ee728b)  -> (artifact id: '7f043ffc4438790d2eb11430e718cd32') in 0.029828 seconds 
========================================================================
Received Import Request.
  Time since last request: 22.612430 seconds.
  path: Assets/sniperBadge.png
  artifactKey: Guid(1394d0fdb17a5e84ca92c71683e471ae) Importer(815301076,1909f56bfc062723c751e8b465ee728b)
Start importing Assets/sniperBadge.png using Guid(1394d0fdb17a5e84ca92c71683e471ae) Importer(815301076,1909f56bfc062723c751e8b465ee728b)  -> (artifact id: '0963d9e56af5ad61db8ae8e87f925b50') in 0.012927 seconds 
========================================================================
Received Prepare
Registering precompiled user dll's ...
Registered in 0.003645 seconds.
Begin MonoManager ReloadAssembly
Native extension for WindowsStandalone target not found
Refreshing native plugins compatible for Editor in 1.09 ms, found 1 plugins.
Preloading 0 native plugins for Editor in 0.00 ms.
Mono: successfully reloaded assembly
- Completed reload, in  1.034 seconds
Platform modules already initialized, skipping
Shader 'WFX/Transparent Diffuse': fallback shader 'Particles/Alpha Blended' not found
Shader 'WFX/Transparent Specular': fallback shader 'Particles/Alpha Blended' not found
Refreshing native plugins compatible for Editor in 0.96 ms, found 1 plugins.
Preloading 0 native plugins for Editor in 0.00 ms.
Unloading 2850 Unused Serialized files (Serialized files now loaded: 0)
System memory in use before: 128.5 MB.
System memory in use after: 128.7 MB.

Unloading 12 unused Assets to reduce memory usage. Loaded Objects now: 3471.
Total: 3.192300 ms (FindLiveObjects: 0.408000 ms CreateObjectMapping: 0.071100 ms MarkObjects: 2.554100 ms  DeleteObjects: 0.158100 ms)

========================================================================
Received Prepare
Registering precompiled user dll's ...
Registered in 0.004199 seconds.
Begin MonoManager ReloadAssembly
Native extension for WindowsStandalone target not found
Refreshing native plugins compatible for Editor in 0.98 ms, found 4 plugins.
Preloading 0 native plugins for Editor in 0.00 ms.
Mono: successfully reloaded assembly
- Completed reload, in  0.799 seconds
Platform modules already initialized, skipping
Shader 'WFX/Transparent Diffuse': fallback shader 'Particles/Alpha Blended' not found
Shader 'WFX/Transparent Specular': fallback shader 'Particles/Alpha Blended' not found
Refreshing native plugins compatible for Editor in 0.91 ms, found 4 plugins.
Preloading 0 native plugins for Editor in 0.00 ms.
Unloading 2990 Unused Serialized files (Serialized files now loaded: 0)
System memory in use before: 132.7 MB.
System memory in use after: 132.7 MB.

Unloading 24 unused Assets to reduce memory usage. Loaded Objects now: 3604.
Total: 2.545000 ms (FindLiveObjects: 0.318400 ms CreateObjectMapping: 0.077600 ms MarkObjects: 1.890100 ms  DeleteObjects: 0.257700 ms)

========================================================================
Received Prepare
Registering precompiled user dll's ...
Registered in 0.006041 seconds.
Begin MonoManager ReloadAssembly
Native extension for WindowsStandalone target not found
Refreshing native plugins compatible for Editor in 0.93 ms, found 4 plugins.
Preloading 0 native plugins for Editor in 0.00 ms.
Mono: successfully reloaded assembly
- Completed reload, in  0.879 seconds
Platform modules already initialized, skipping
Shader 'WFX/Transparent Diffuse': fallback shader 'Particles/Alpha Blended' not found
Shader 'WFX/Transparent Specular': fallback shader 'Particles/Alpha Blended' not found
Refreshing native plugins compatible for Editor in 0.99 ms, found 4 plugins.
Preloading 0 native plugins for Editor in 0.00 ms.
Unloading 2990 Unused Serialized files (Serialized files now loaded: 0)
System memory in use before: 132.7 MB.
System memory in use after: 132.7 MB.

Unloading 24 unused Assets to reduce memory usage. Loaded Objects now: 3607.
Total: 2.304800 ms (FindLiveObjects: 0.339100 ms CreateObjectMapping: 0.079700 ms MarkObjects: 1.684200 ms  DeleteObjects: 0.200500 ms)

========================================================================
Received Prepare
Registering precompiled user dll's ...
Registered in 0.003582 seconds.
Begin MonoManager ReloadAssembly
Native extension for WindowsStandalone target not found
Refreshing native plugins compatible for Editor in 0.92 ms, found 4 plugins.
Preloading 0 native plugins for Editor in 0.00 ms.
Mono: successfully reloaded assembly
- Completed reload, in  0.793 seconds
Platform modules already initialized, skipping
Shader 'WFX/Transparent Diffuse': fallback shader 'Particles/Alpha Blended' not found
Shader 'WFX/Transparent Specular': fallback shader 'Particles/Alpha Blended' not found
Refreshing native plugins compatible for Editor in 0.91 ms, found 4 plugins.
Preloading 0 native plugins for Editor in 0.00 ms.
Unloading 2990 Unused Serialized files (Serialized files now loaded: 0)
System memory in use before: 132.7 MB.
System memory in use after: 132.7 MB.

Unloading 24 unused Assets to reduce memory usage. Loaded Objects now: 3610.
Total: 2.364700 ms (FindLiveObjects: 0.347600 ms CreateObjectMapping: 0.079200 ms MarkObjects: 1.740100 ms  DeleteObjects: 0.196600 ms)

========================================================================
Received Prepare
Registering precompiled user dll's ...
Registered in 0.003810 seconds.
Begin MonoManager ReloadAssembly
Native extension for WindowsStandalone target not found
Refreshing native plugins compatible for Editor in 0.94 ms, found 4 plugins.
Preloading 0 native plugins for Editor in 0.00 ms.
Mono: successfully reloaded assembly
- Completed reload, in  0.765 seconds
Platform modules already initialized, skipping
Shader 'WFX/Transparent Diffuse': fallback shader 'Particles/Alpha Blended' not found
Shader 'WFX/Transparent Specular': fallback shader 'Particles/Alpha Blended' not found
Refreshing native plugins compatible for Editor in 1.02 ms, found 4 plugins.
Preloading 0 native plugins for Editor in 0.00 ms.
Unloading 2990 Unused Serialized files (Serialized files now loaded: 0)
System memory in use before: 132.7 MB.
System memory in use after: 132.7 MB.

Unloading 24 unused Assets to reduce memory usage. Loaded Objects now: 3613.
Total: 2.381400 ms (FindLiveObjects: 0.342600 ms CreateObjectMapping: 0.126500 ms MarkObjects: 1.714900 ms  DeleteObjects: 0.196500 ms)

========================================================================
Received Prepare
Registering precompiled user dll's ...
Registered in 0.003898 seconds.
Begin MonoManager ReloadAssembly
Native extension for WindowsStandalone target not found
Refreshing native plugins compatible for Editor in 1.23 ms, found 4 plugins.
Preloading 0 native plugins for Editor in 0.00 ms.
Mono: successfully reloaded assembly
- Completed reload, in  0.762 seconds
Platform modules already initialized, skipping
Shader 'WFX/Transparent Diffuse': fallback shader 'Particles/Alpha Blended' not found
Shader 'WFX/Transparent Specular': fallback shader 'Particles/Alpha Blended' not found
Refreshing native plugins compatible for Editor in 0.89 ms, found 4 plugins.
Preloading 0 native plugins for Editor in 0.00 ms.
Unloading 2990 Unused Serialized files (Serialized files now loaded: 0)
System memory in use before: 132.7 MB.
System memory in use after: 132.7 MB.

Unloading 24 unused Assets to reduce memory usage. Loaded Objects now: 3616.
Total: 2.822600 ms (FindLiveObjects: 0.334900 ms CreateObjectMapping: 0.090400 ms MarkObjects: 2.144100 ms  DeleteObjects: 0.251900 ms)

========================================================================
Received Import Request.
  Time since last request: 3893.270931 seconds.
  path: Assets/Textures
  artifactKey: Guid(d23f8563b20506d439aac6c345202a4c) Importer(815301076,1909f56bfc062723c751e8b465ee728b)
Start importing Assets/Textures using Guid(d23f8563b20506d439aac6c345202a4c) Importer(815301076,1909f56bfc062723c751e8b465ee728b)  -> (artifact id: 'b7230044c1844c42ebe5091eb4164d41') in 0.009737 seconds 
========================================================================
Received Import Request.
  Time since last request: 2.471366 seconds.
  path: Assets/2D
  artifactKey: Guid(d23f8563b20506d439aac6c345202a4c) Importer(815301076,1909f56bfc062723c751e8b465ee728b)
Start importing Assets/2D using Guid(d23f8563b20506d439aac6c345202a4c) Importer(815301076,1909f56bfc062723c751e8b465ee728b)  -> (artifact id: '81bd48f9ae6c44f4126488394b7cd675') in 0.005967 seconds 
========================================================================
Received Import Request.
  Time since last request: 14.048137 seconds.
  path: Assets/CutsceneTimeline.playable
  artifactKey: Guid(86b40783cc3062949867601d30978ca2) Importer(815301076,1909f56bfc062723c751e8b465ee728b)
Start importing Assets/CutsceneTimeline.playable using Guid(86b40783cc3062949867601d30978ca2) Importer(815301076,1909f56bfc062723c751e8b465ee728b)  -> (artifact id: '01c07f56f77bcb975a8db14c69ae2597') in 0.220507 seconds 
========================================================================
Received Prepare
Registering precompiled user dll's ...
Registered in 0.003697 seconds.
Begin MonoManager ReloadAssembly
Native extension for WindowsStandalone target not found
Refreshing native plugins compatible for Editor in 0.96 ms, found 4 plugins.
Preloading 0 native plugins for Editor in 0.00 ms.
Mono: successfully reloaded assembly
- Completed reload, in  0.772 seconds
Platform modules already initialized, skipping
Shader 'WFX/Transparent Diffuse': fallback shader 'Particles/Alpha Blended' not found
Shader 'WFX/Transparent Specular': fallback shader 'Particles/Alpha Blended' not found
Refreshing native plugins compatible for Editor in 0.92 ms, found 4 plugins.
Preloading 0 native plugins for Editor in 0.00 ms.
Unloading 2990 Unused Serialized files (Serialized files now loaded: 0)
System memory in use before: 132.7 MB.
System memory in use after: 132.7 MB.

Unloading 24 unused Assets to reduce memory usage. Loaded Objects now: 3619.
Total: 2.372300 ms (FindLiveObjects: 0.316800 ms CreateObjectMapping: 0.076000 ms MarkObjects: 1.781800 ms  DeleteObjects: 0.196700 ms)

